# JRE version: OpenJDK Runtime Environment Temurin-21.0.7+6 (21.0.7+6) (build 21.0.7+6-LTS)
# Java VM: OpenJDK 64-Bit Server VM Temurin-21.0.7+6 (21.0.7+6-LTS, mixed mode, sharing, tiered, compressed oops, compressed class ptrs, parallel gc, windows-amd64)
GC Precious Log:
 CardTable entry size: 512
 CPUs: 8 total, 8 available
 Memory: 16227M
 Large Page Support: Disabled
 NUMA Support: Disabled
 Compressed Oops: Enabled (32-bit)
 Alignments: Space 512K, Generation 512K, Heap 2M
 Heap Min Capacity: 100M
 Heap Initial Capacity: 100M
 Heap Max Capacity: 1G
 Pre-touch: Disabled
 Parallel Workers: 8
Heap:
 PSYoungGen      total 17408K, used 12823K [0x00000000eab00000, 0x00000000ec200000, 0x0000000100000000)
  eden space 16896K, 72% used [0x00000000eab00000,0x00000000eb707b70,0x00000000ebb80000)
  from space 512K, 98% used [0x00000000ebe00000,0x00000000ebe7e470,0x00000000ebe80000)
  to   space 2560K, 0% used [0x00000000ebb80000,0x00000000ebb80000,0x00000000ebe00000)
 ParOldGen       total 68608K, used 37585K [0x00000000c0000000, 0x00000000c4300000, 0x00000000eab00000)
  object space 68608K, 54% used [0x00000000c0000000,0x00000000c24b4430,0x00000000c4300000)
 Metaspace       used 41556K, committed 42560K, reserved 1114112K
  class space    used 4078K, committed 4480K, reserved 1048576K
GC Heap History (20 events):
Event: 30.503 GC heap before
{Heap before GC invocations=35 (full 2):
 PSYoungGen      total 18944K, used 18944K [0x00000000eab00000, 0x00000000ec000000, 0x0000000100000000)
  eden space 18432K, 100% used [0x00000000eab00000,0x00000000ebd00000,0x00000000ebd00000)
  from space 512K, 100% used [0x00000000ebf00000,0x00000000ebf80000,0x00000000ebf80000)
  to   space 1536K, 0% used [0x00000000ebd00000,0x00000000ebd00000,0x00000000ebe80000)
 ParOldGen       total 68608K, used 31925K [0x00000000c0000000, 0x00000000c4300000, 0x00000000eab00000)
  object space 68608K, 46% used [0x00000000c0000000,0x00000000c1f2d780,0x00000000c4300000)
 Metaspace       used 38450K, committed 39360K, reserved 1114112K
  class space    used 3775K, committed 4160K, reserved 1048576K
}
Event: 30.505 GC heap after
{Heap after GC invocations=35 (full 2):
 PSYoungGen      total 19968K, used 576K [0x00000000eab00000, 0x00000000ebf80000, 0x0000000100000000)
  eden space 18432K, 0% used [0x00000000eab00000,0x00000000eab00000,0x00000000ebd00000)
  from space 1536K, 37% used [0x00000000ebd00000,0x00000000ebd90000,0x00000000ebe80000)
  to   space 1024K, 0% used [0x00000000ebe80000,0x00000000ebe80000,0x00000000ebf80000)
 ParOldGen       total 68608K, used 32393K [0x00000000c0000000, 0x00000000c4300000, 0x00000000eab00000)
  object space 68608K, 47% used [0x00000000c0000000,0x00000000c1fa2790,0x00000000c4300000)
 Metaspace       used 38450K, committed 39360K, reserved 1114112K
  class space    used 3775K, committed 4160K, reserved 1048576K
}
Event: 30.539 GC heap before
{Heap before GC invocations=36 (full 2):
 PSYoungGen      total 19968K, used 19008K [0x00000000eab00000, 0x00000000ebf80000, 0x0000000100000000)
  eden space 18432K, 100% used [0x00000000eab00000,0x00000000ebd00000,0x00000000ebd00000)
  from space 1536K, 37% used [0x00000000ebd00000,0x00000000ebd90000,0x00000000ebe80000)
  to   space 1024K, 0% used [0x00000000ebe80000,0x00000000ebe80000,0x00000000ebf80000)
 ParOldGen       total 68608K, used 32393K [0x00000000c0000000, 0x00000000c4300000, 0x00000000eab00000)
  object space 68608K, 47% used [0x00000000c0000000,0x00000000c1fa2790,0x00000000c4300000)
 Metaspace       used 38450K, committed 39360K, reserved 1114112K
  class space    used 3775K, committed 4160K, reserved 1048576K
}
Event: 30.541 GC heap after
{Heap after GC invocations=36 (full 2):
 PSYoungGen      total 19456K, used 544K [0x00000000eab00000, 0x00000000ebf80000, 0x0000000100000000)
  eden space 18432K, 0% used [0x00000000eab00000,0x00000000eab00000,0x00000000ebd00000)
  from space 1024K, 53% used [0x00000000ebe80000,0x00000000ebf08000,0x00000000ebf80000)
  to   space 1024K, 0% used [0x00000000ebd80000,0x00000000ebd80000,0x00000000ebe80000)
 ParOldGen       total 68608K, used 32857K [0x00000000c0000000, 0x00000000c4300000, 0x00000000eab00000)
  object space 68608K, 47% used [0x00000000c0000000,0x00000000c2016790,0x00000000c4300000)
 Metaspace       used 38450K, committed 39360K, reserved 1114112K
  class space    used 3775K, committed 4160K, reserved 1048576K
}
Event: 30.567 GC heap before
{Heap before GC invocations=37 (full 2):
 PSYoungGen      total 19456K, used 18976K [0x00000000eab00000, 0x00000000ebf80000, 0x0000000100000000)
  eden space 18432K, 100% used [0x00000000eab00000,0x00000000ebd00000,0x00000000ebd00000)
  from space 1024K, 53% used [0x00000000ebe80000,0x00000000ebf08000,0x00000000ebf80000)
  to   space 1024K, 0% used [0x00000000ebd80000,0x00000000ebd80000,0x00000000ebe80000)
 ParOldGen       total 68608K, used 32857K [0x00000000c0000000, 0x00000000c4300000, 0x00000000eab00000)
  object space 68608K, 47% used [0x00000000c0000000,0x00000000c2016790,0x00000000c4300000)
 Metaspace       used 38450K, committed 39360K, reserved 1114112K
  class space    used 3775K, committed 4160K, reserved 1048576K
}
Event: 30.568 GC heap after
{Heap after GC invocations=37 (full 2):
 PSYoungGen      total 19456K, used 608K [0x00000000eab00000, 0x00000000ebf00000, 0x0000000100000000)
  eden space 18432K, 0% used [0x00000000eab00000,0x00000000eab00000,0x00000000ebd00000)
  from space 1024K, 59% used [0x00000000ebd80000,0x00000000ebe18000,0x00000000ebe80000)
  to   space 512K, 0% used [0x00000000ebe80000,0x00000000ebe80000,0x00000000ebf00000)
 ParOldGen       total 68608K, used 33313K [0x00000000c0000000, 0x00000000c4300000, 0x00000000eab00000)
  object space 68608K, 48% used [0x00000000c0000000,0x00000000c2088790,0x00000000c4300000)
 Metaspace       used 38450K, committed 39360K, reserved 1114112K
  class space    used 3775K, committed 4160K, reserved 1048576K
}
Event: 30.597 GC heap before
{Heap before GC invocations=38 (full 2):
 PSYoungGen      total 19456K, used 19040K [0x00000000eab00000, 0x00000000ebf00000, 0x0000000100000000)
  eden space 18432K, 100% used [0x00000000eab00000,0x00000000ebd00000,0x00000000ebd00000)
  from space 1024K, 59% used [0x00000000ebd80000,0x00000000ebe18000,0x00000000ebe80000)
  to   space 512K, 0% used [0x00000000ebe80000,0x00000000ebe80000,0x00000000ebf00000)
 ParOldGen       total 68608K, used 33313K [0x00000000c0000000, 0x00000000c4300000, 0x00000000eab00000)
  object space 68608K, 48% used [0x00000000c0000000,0x00000000c2088790,0x00000000c4300000)
 Metaspace       used 38450K, committed 39360K, reserved 1114112K
  class space    used 3775K, committed 4160K, reserved 1048576K
}
Event: 30.599 GC heap after
{Heap after GC invocations=38 (full 2):
 PSYoungGen      total 18944K, used 512K [0x00000000eab00000, 0x00000000ec000000, 0x0000000100000000)
  eden space 18432K, 0% used [0x00000000eab00000,0x00000000eab00000,0x00000000ebd00000)
  from space 512K, 100% used [0x00000000ebe80000,0x00000000ebf00000,0x00000000ebf00000)
  to   space 1536K, 0% used [0x00000000ebd00000,0x00000000ebd00000,0x00000000ebe80000)
 ParOldGen       total 68608K, used 33841K [0x00000000c0000000, 0x00000000c4300000, 0x00000000eab00000)
  object space 68608K, 49% used [0x00000000c0000000,0x00000000c210c7b0,0x00000000c4300000)
 Metaspace       used 38450K, committed 39360K, reserved 1114112K
  class space    used 3775K, committed 4160K, reserved 1048576K
}
Event: 30.650 GC heap before
{Heap before GC invocations=39 (full 2):
 PSYoungGen      total 18944K, used 18944K [0x00000000eab00000, 0x00000000ec000000, 0x0000000100000000)
  eden space 18432K, 100% used [0x00000000eab00000,0x00000000ebd00000,0x00000000ebd00000)
  from space 512K, 100% used [0x00000000ebe80000,0x00000000ebf00000,0x00000000ebf00000)
  to   space 1536K, 0% used [0x00000000ebd00000,0x00000000ebd00000,0x00000000ebe80000)
 ParOldGen       total 68608K, used 33841K [0x00000000c0000000, 0x00000000c4300000, 0x00000000eab00000)
  object space 68608K, 49% used [0x00000000c0000000,0x00000000c210c7b0,0x00000000c4300000)
 Metaspace       used 38471K, committed 39360K, reserved 1114112K
  class space    used 3775K, committed 4160K, reserved 1048576K
}
Event: 30.651 GC heap after
{Heap after GC invocations=39 (full 2):
 PSYoungGen      total 19456K, used 736K [0x00000000eab00000, 0x00000000ebf00000, 0x0000000100000000)
  eden space 18432K, 0% used [0x00000000eab00000,0x00000000eab00000,0x00000000ebd00000)
  from space 1024K, 71% used [0x00000000ebd00000,0x00000000ebdb8000,0x00000000ebe00000)
  to   space 1024K, 0% used [0x00000000ebe00000,0x00000000ebe00000,0x00000000ebf00000)
 ParOldGen       total 68608K, used 34305K [0x00000000c0000000, 0x00000000c4300000, 0x00000000eab00000)
  object space 68608K, 50% used [0x00000000c0000000,0x00000000c21807b0,0x00000000c4300000)
 Metaspace       used 38471K, committed 39360K, reserved 1114112K
  class space    used 3775K, committed 4160K, reserved 1048576K
}
Event: 30.695 GC heap before
{Heap before GC invocations=40 (full 2):
 PSYoungGen      total 19456K, used 19168K [0x00000000eab00000, 0x00000000ebf00000, 0x0000000100000000)
  eden space 18432K, 100% used [0x00000000eab00000,0x00000000ebd00000,0x00000000ebd00000)
  from space 1024K, 71% used [0x00000000ebd00000,0x00000000ebdb8000,0x00000000ebe00000)
  to   space 1024K, 0% used [0x00000000ebe00000,0x00000000ebe00000,0x00000000ebf00000)
 ParOldGen       total 68608K, used 34305K [0x00000000c0000000, 0x00000000c4300000, 0x00000000eab00000)
  object space 68608K, 50% used [0x00000000c0000000,0x00000000c21807b0,0x00000000c4300000)
 Metaspace       used 38476K, committed 39360K, reserved 1114112K
  class space    used 3775K, committed 4160K, reserved 1048576K
}
Event: 30.697 GC heap after
{Heap after GC invocations=40 (full 2):
 PSYoungGen      total 19456K, used 416K [0x00000000eab00000, 0x00000000ebf00000, 0x0000000100000000)
  eden space 18432K, 0% used [0x00000000eab00000,0x00000000eab00000,0x00000000ebd00000)
  from space 1024K, 40% used [0x00000000ebe00000,0x00000000ebe68000,0x00000000ebf00000)
  to   space 1024K, 0% used [0x00000000ebd00000,0x00000000ebd00000,0x00000000ebe00000)
 ParOldGen       total 68608K, used 34809K [0x00000000c0000000, 0x00000000c4300000, 0x00000000eab00000)
  object space 68608K, 50% used [0x00000000c0000000,0x00000000c21fe430,0x00000000c4300000)
 Metaspace       used 38476K, committed 39360K, reserved 1114112K
  class space    used 3775K, committed 4160K, reserved 1048576K
}
Event: 30.731 GC heap before
{Heap before GC invocations=41 (full 2):
 PSYoungGen      total 19456K, used 18848K [0x00000000eab00000, 0x00000000ebf00000, 0x0000000100000000)
  eden space 18432K, 100% used [0x00000000eab00000,0x00000000ebd00000,0x00000000ebd00000)
  from space 1024K, 40% used [0x00000000ebe00000,0x00000000ebe68000,0x00000000ebf00000)
  to   space 1024K, 0% used [0x00000000ebd00000,0x00000000ebd00000,0x00000000ebe00000)
 ParOldGen       total 68608K, used 34809K [0x00000000c0000000, 0x00000000c4300000, 0x00000000eab00000)
  object space 68608K, 50% used [0x00000000c0000000,0x00000000c21fe430,0x00000000c4300000)
 Metaspace       used 38476K, committed 39360K, reserved 1114112K
  class space    used 3775K, committed 4160K, reserved 1048576K
}
Event: 30.733 GC heap after
{Heap after GC invocations=41 (full 2):
 PSYoungGen      total 19456K, used 480K [0x00000000eab00000, 0x00000000ebe80000, 0x0000000100000000)
  eden space 18432K, 0% used [0x00000000eab00000,0x00000000eab00000,0x00000000ebd00000)
  from space 1024K, 46% used [0x00000000ebd00000,0x00000000ebd78000,0x00000000ebe00000)
  to   space 512K, 0% used [0x00000000ebe00000,0x00000000ebe00000,0x00000000ebe80000)
 ParOldGen       total 68608K, used 35161K [0x00000000c0000000, 0x00000000c4300000, 0x00000000eab00000)
  object space 68608K, 51% used [0x00000000c0000000,0x00000000c2256430,0x00000000c4300000)
 Metaspace       used 38476K, committed 39360K, reserved 1114112K
  class space    used 3775K, committed 4160K, reserved 1048576K
}
Event: 30.765 GC heap before
{Heap before GC invocations=42 (full 2):
 PSYoungGen      total 19456K, used 18912K [0x00000000eab00000, 0x00000000ebe80000, 0x0000000100000000)
  eden space 18432K, 100% used [0x00000000eab00000,0x00000000ebd00000,0x00000000ebd00000)
  from space 1024K, 46% used [0x00000000ebd00000,0x00000000ebd78000,0x00000000ebe00000)
  to   space 512K, 0% used [0x00000000ebe00000,0x00000000ebe00000,0x00000000ebe80000)
 ParOldGen       total 68608K, used 35161K [0x00000000c0000000, 0x00000000c4300000, 0x00000000eab00000)
  object space 68608K, 51% used [0x00000000c0000000,0x00000000c2256430,0x00000000c4300000)
 Metaspace       used 38476K, committed 39360K, reserved 1114112K
  class space    used 3775K, committed 4160K, reserved 1048576K
}
Event: 30.767 GC heap after
{Heap after GC invocations=42 (full 2):
 PSYoungGen      total 18944K, used 416K [0x00000000eab00000, 0x00000000ebe80000, 0x0000000100000000)
  eden space 18432K, 0% used [0x00000000eab00000,0x00000000eab00000,0x00000000ebd00000)
  from space 512K, 81% used [0x00000000ebe00000,0x00000000ebe68000,0x00000000ebe80000)
  to   space 512K, 0% used [0x00000000ebd80000,0x00000000ebd80000,0x00000000ebe00000)
 ParOldGen       total 68608K, used 35553K [0x00000000c0000000, 0x00000000c4300000, 0x00000000eab00000)
  object space 68608K, 51% used [0x00000000c0000000,0x00000000c22b8430,0x00000000c4300000)
 Metaspace       used 38476K, committed 39360K, reserved 1114112K
  class space    used 3775K, committed 4160K, reserved 1048576K
}
Event: 30.814 GC heap before
{Heap before GC invocations=43 (full 2):
 PSYoungGen      total 18944K, used 18848K [0x00000000eab00000, 0x00000000ebe80000, 0x0000000100000000)
  eden space 18432K, 100% used [0x00000000eab00000,0x00000000ebd00000,0x00000000ebd00000)
  from space 512K, 81% used [0x00000000ebe00000,0x00000000ebe68000,0x00000000ebe80000)
  to   space 512K, 0% used [0x00000000ebd80000,0x00000000ebd80000,0x00000000ebe00000)
 ParOldGen       total 68608K, used 35553K [0x00000000c0000000, 0x00000000c4300000, 0x00000000eab00000)
  object space 68608K, 51% used [0x00000000c0000000,0x00000000c22b8430,0x00000000c4300000)
 Metaspace       used 38486K, committed 39360K, reserved 1114112K
  class space    used 3775K, committed 4160K, reserved 1048576K
}
Event: 30.816 GC heap after
{Heap after GC invocations=43 (full 2):
 PSYoungGen      total 18944K, used 352K [0x00000000eab00000, 0x00000000ebe80000, 0x0000000100000000)
  eden space 18432K, 0% used [0x00000000eab00000,0x00000000eab00000,0x00000000ebd00000)
  from space 512K, 68% used [0x00000000ebd80000,0x00000000ebdd8000,0x00000000ebe00000)
  to   space 512K, 0% used [0x00000000ebe00000,0x00000000ebe00000,0x00000000ebe80000)
 ParOldGen       total 68608K, used 35913K [0x00000000c0000000, 0x00000000c4300000, 0x00000000eab00000)
  object space 68608K, 52% used [0x00000000c0000000,0x00000000c2312430,0x00000000c4300000)
 Metaspace       used 38486K, committed 39360K, reserved 1114112K
  class space    used 3775K, committed 4160K, reserved 1048576K
}
Event: 31.359 GC heap before
{Heap before GC invocations=44 (full 2):
 PSYoungGen      total 18944K, used 18784K [0x00000000eab00000, 0x00000000ebe80000, 0x0000000100000000)
  eden space 18432K, 100% used [0x00000000eab00000,0x00000000ebd00000,0x00000000ebd00000)
  from space 512K, 68% used [0x00000000ebd80000,0x00000000ebdd8000,0x00000000ebe00000)
  to   space 512K, 0% used [0x00000000ebe00000,0x00000000ebe00000,0x00000000ebe80000)
 ParOldGen       total 68608K, used 35913K [0x00000000c0000000, 0x00000000c4300000, 0x00000000eab00000)
  object space 68608K, 52% used [0x00000000c0000000,0x00000000c2312430,0x00000000c4300000)
 Metaspace       used 40305K, committed 41280K, reserved 1114112K
  class space    used 3991K, committed 4416K, reserved 1048576K
}
Event: 31.363 GC heap after
{Heap after GC invocations=44 (full 2):
 PSYoungGen      total 17408K, used 505K [0x00000000eab00000, 0x00000000ec200000, 0x0000000100000000)
  eden space 16896K, 0% used [0x00000000eab00000,0x00000000eab00000,0x00000000ebb80000)
  from space 512K, 98% used [0x00000000ebe00000,0x00000000ebe7e470,0x00000000ebe80000)
  to   space 2560K, 0% used [0x00000000ebb80000,0x00000000ebb80000,0x00000000ebe00000)
 ParOldGen       total 68608K, used 37585K [0x00000000c0000000, 0x00000000c4300000, 0x00000000eab00000)
  object space 68608K, 54% used [0x00000000c0000000,0x00000000c24b4430,0x00000000c4300000)
 Metaspace       used 40305K, committed 41280K, reserved 1114112K
  class space    used 3991K, committed 4416K, reserved 1048576K
}

